生成启动时间为 2016/11/16 20:57:08。
     1>项目“E:\graduationDesign\matTest\matTest\matTest.vcxproj”在节点 2 上(Build 个目标)。
     1>ClCompile:
         E:\vs2013\vs\VC\bin\CL.exe /c /ZI /nologo /W3 /WX- /sdl /Od /Oy- /D WIN32 /D _DEBUG /D _CONSOLE /D _LIB /D _CRT_SECURE_NO_WARNINGS /D _UNICODE /D UNICODE /Gm /EHsc /RTC1 /MDd /GS /fp:precise /Zc:wchar_t /Zc:forScope /Yu"stdafx.h" /Fp"Debug\matTest.pch" /Fo"Debug\\" /Fd"Debug\vc120.pdb" /Gd /TP /analyze- /errorReport:prompt matTest.cpp
         matTest.cpp
     1>e:\graduationdesign\mattest\mattest\graytest.h(24): warning C4244: “=”: 从“double”转换到“uchar”，可能丢失数据
     1>e:\graduationdesign\mattest\mattest\binarytest.h(69): warning C4244: “=”: 从“double”转换到“int”，可能丢失数据
     1>e:\graduationdesign\mattest\mattest\binarytest.h(77): warning C4244: “=”: 从“double”转换到“int”，可能丢失数据
     1>e:\graduationdesign\mattest\mattest\resizetest.h(16): warning C4244: “参数”: 从“double”转换到“int”，可能丢失数据
     1>e:\graduationdesign\mattest\mattest\rotat.h(92): warning C4244: “参数”: 从“double”转换到“int”，可能丢失数据
     1>e:\graduationdesign\mattest\mattest\rotat.h(175): warning C4244: “初始化”: 从“const float”转换到“int”，可能丢失数据
     1>e:\graduationdesign\mattest\mattest\rotat.h(176): warning C4244: “初始化”: 从“const float”转换到“int”，可能丢失数据
     1>e:\graduationdesign\mattest\mattest\rotat.h(180): warning C4244: “初始化”: 从“double”转换到“float”，可能丢失数据
     1>e:\graduationdesign\mattest\mattest\rotat.h(181): warning C4244: “初始化”: 从“double”转换到“float”，可能丢失数据
     1>e:\graduationdesign\mattest\mattest\rotat.h(188): warning C4244: “=”: 从“float”转换到“int”，可能丢失数据
     1>e:\graduationdesign\mattest\mattest\rotat.h(189): warning C4244: “=”: 从“float”转换到“int”，可能丢失数据
     1>e:\graduationdesign\mattest\mattest\rotat.h(226): warning C4244: “参数”: 从“double”转换到“float”，可能丢失数据
     1>e:\graduationdesign\mattest\mattest\rotat.h(245): warning C4244: “参数”: 从“double”转换到“float”，可能丢失数据
       Link:
         E:\vs2013\vs\VC\bin\link.exe /ERRORREPORT:PROMPT /OUT:"E:\graduationDesign\matTest\Debug\matTest.exe" /INCREMENTAL /NOLOGO opencv_calib3d2413d.lib opencv_contrib2413d.lib opencv_core2413d.lib opencv_features2d2413d.lib opencv_flann2413d.lib opencv_gpu2413d.lib opencv_highgui2413d.lib opencv_imgproc2413d.lib opencv_legacy2413d.lib opencv_ml2413d.lib opencv_nonfree2413d.lib opencv_objdetect2413d.lib opencv_ocl2413d.lib opencv_photo2413d.lib opencv_stitching2413d.lib opencv_superres2413d.lib opencv_ts2413d.lib opencv_video2413d.lib opencv_videostab2413d.lib kernel32.lib user32.lib gdi32.lib winspool.lib comdlg32.lib advapi32.lib shell32.lib ole32.lib oleaut32.lib uuid.lib odbc32.lib odbccp32.lib /MANIFEST /MANIFESTUAC:"level='asInvoker' uiAccess='false'" /manifest:embed /DEBUG /PDB:"E:\graduationDesign\matTest\Debug\matTest.pdb" /SUBSYSTEM:CONSOLE /TLBID:1 /DYNAMICBASE /NXCOMPAT /IMPLIB:"E:\graduationDesign\matTest\Debug\matTest.lib" /MACHINE:X86 Debug\matTest.obj
         Debug\stdafx.obj
         matTest.vcxproj -> E:\graduationDesign\matTest\Debug\matTest.exe
     1>已完成生成项目“E:\graduationDesign\matTest\matTest\matTest.vcxproj”(Build 个目标)的操作。

生成成功。

已用时间 00:00:01.83
